2023-02-03 14:12:33,495 INFO o.a.j.u.JMeterUtils: Setting Locale to en_EN
2023-02-03 14:12:33,513 INFO o.a.j.JMeter: Loading user properties from: /home/hcm/software/apache-jmeter-5.5/bin/user.properties
2023-02-03 14:12:33,514 INFO o.a.j.JMeter: Loading system properties from: /home/hcm/software/apache-jmeter-5.5/bin/system.properties
2023-02-03 14:12:33,519 INFO o.a.j.JMeter: Copyright (c) 1998-2022 The Apache Software Foundation
2023-02-03 14:12:33,519 INFO o.a.j.JMeter: Version 5.5
2023-02-03 14:12:33,519 INFO o.a.j.JMeter: java.version=11.0.17
2023-02-03 14:12:33,520 INFO o.a.j.JMeter: java.vm.name=OpenJDK 64-Bit Server VM
2023-02-03 14:12:33,520 INFO o.a.j.JMeter: os.name=Linux
2023-02-03 14:12:33,520 INFO o.a.j.JMeter: os.arch=amd64
2023-02-03 14:12:33,520 INFO o.a.j.JMeter: os.version=5.15.0-56-generic
2023-02-03 14:12:33,520 INFO o.a.j.JMeter: file.encoding=UTF-8
2023-02-03 14:12:33,520 INFO o.a.j.JMeter: java.awt.headless=true
2023-02-03 14:12:33,520 INFO o.a.j.JMeter: Max memory     =1073741824
2023-02-03 14:12:33,520 INFO o.a.j.JMeter: Available Processors =16
2023-02-03 14:12:33,527 INFO o.a.j.JMeter: Default Locale=English (EN)
2023-02-03 14:12:33,527 INFO o.a.j.JMeter: JMeter  Locale=English (EN)
2023-02-03 14:12:33,527 INFO o.a.j.JMeter: JMeterHome=/home/hcm/software/apache-jmeter-5.5
2023-02-03 14:12:33,528 INFO o.a.j.JMeter: user.dir  =/home/hcm/Aaditya/containerization/DockerJmeter
2023-02-03 14:12:33,528 INFO o.a.j.JMeter: PWD       =/home/hcm/Aaditya/containerization/DockerJmeter
2023-02-03 14:12:33,528 INFO o.a.j.JMeter: IP: 127.0.1.1 Name: hcm-Precision-7550 FullName: hcm-Precision-7550
2023-02-03 14:12:33,539 INFO o.a.j.s.FileServer: Default base='/home/hcm/Aaditya/containerization/DockerJmeter'
2023-02-03 14:12:33,539 INFO o.a.j.s.FileServer: Set new base='/home/hcm/Aaditya/containerization/DockerJmeter/jmx'
2023-02-03 14:12:33,667 INFO o.a.j.s.SaveService: Testplan (JMX) version: 2.2. Testlog (JTL) version: 2.2
2023-02-03 14:12:33,681 INFO o.a.j.s.SaveService: Using SaveService properties version 5.0
2023-02-03 14:12:33,683 INFO o.a.j.s.SaveService: Using SaveService properties file encoding UTF-8
2023-02-03 14:12:33,685 INFO o.a.j.s.SaveService: Loading file: jmx/light_thread.jmx
2023-02-03 14:12:33,717 INFO o.a.j.p.h.s.HTTPSamplerBase: Parser for text/html is org.apache.jmeter.protocol.http.parser.LagartoBasedHtmlParser
2023-02-03 14:12:33,717 INFO o.a.j.p.h.s.HTTPSamplerBase: Parser for application/xhtml+xml is org.apache.jmeter.protocol.http.parser.LagartoBasedHtmlParser
2023-02-03 14:12:33,717 INFO o.a.j.p.h.s.HTTPSamplerBase: Parser for application/xml is org.apache.jmeter.protocol.http.parser.LagartoBasedHtmlParser
2023-02-03 14:12:33,717 INFO o.a.j.p.h.s.HTTPSamplerBase: Parser for text/xml is org.apache.jmeter.protocol.http.parser.LagartoBasedHtmlParser
2023-02-03 14:12:33,717 INFO o.a.j.p.h.s.HTTPSamplerBase: Parser for text/vnd.wap.wml is org.apache.jmeter.protocol.http.parser.RegexpHTMLParser
2023-02-03 14:12:33,718 INFO o.a.j.p.h.s.HTTPSamplerBase: Parser for text/css is org.apache.jmeter.protocol.http.parser.CssParser
2023-02-03 14:12:33,737 INFO o.a.j.JMeter: Creating summariser <summary>
2023-02-03 14:12:33,746 INFO o.a.j.e.StandardJMeterEngine: Running the test!
2023-02-03 14:12:33,747 INFO o.a.j.s.SampleEvent: List of sample_variables: []
2023-02-03 14:12:33,747 INFO o.a.j.s.SampleEvent: List of sample_variables: []
2023-02-03 14:12:33,754 INFO o.a.j.e.u.CompoundVariable: Note: Function class names must contain the string: '.functions.'
2023-02-03 14:12:33,754 INFO o.a.j.e.u.CompoundVariable: Note: Function class names must not contain the string: '.gui.'
2023-02-03 14:12:33,965 INFO o.a.j.r.ResultCollector: Folder at /home/hcm/Aaditya/containerization/DockerJmeter/run_results was created
2023-02-03 14:12:33,975 INFO o.a.j.JMeter: Running test (1675413753975)
2023-02-03 14:12:33,989 INFO o.a.j.e.StandardJMeterEngine: Starting ThreadGroup: 1 : Thread Group
2023-02-03 14:12:33,990 INFO o.a.j.e.StandardJMeterEngine: Starting 10 threads for group Thread Group.
2023-02-03 14:12:33,990 INFO o.a.j.e.StandardJMeterEngine: Thread will continue on error
2023-02-03 14:12:33,990 INFO o.a.j.t.ThreadGroup: Starting thread group... number=1 threads=10 ramp-up=10 delayedStart=false
2023-02-03 14:12:34,004 INFO o.a.j.t.JMeterThread: Thread started: Thread Group 1-1
2023-02-03 14:12:34,006 INFO o.a.j.t.ThreadGroup: Started thread group number 1
2023-02-03 14:12:34,006 INFO o.a.j.e.StandardJMeterEngine: All thread groups have been started
2023-02-03 14:12:34,022 INFO o.a.j.p.h.s.HTTPHCAbstractImpl: Local host = hcm-Precision-7550
2023-02-03 14:12:34,027 INFO o.a.j.p.h.s.HTTPHC4Impl: HTTP request retry count = 0
2023-02-03 14:12:34,029 INFO o.a.j.s.SampleResult: Note: Sample TimeStamps are START times
2023-02-03 14:12:34,029 INFO o.a.j.s.SampleResult: sampleresult.default.encoding is set to ISO-8859-1
2023-02-03 14:12:34,029 INFO o.a.j.s.SampleResult: sampleresult.useNanoTime=true
2023-02-03 14:12:34,029 INFO o.a.j.s.SampleResult: sampleresult.nanoThreadSleep=5000
2023-02-03 14:12:34,106 INFO o.a.j.p.h.s.h.LazyLayeredConnectionSocketFactory: Setting up HTTPS TrustAll Socket Factory
2023-02-03 14:12:34,110 INFO o.a.j.u.JsseSSLManager: Using default SSL protocol: TLS
2023-02-03 14:12:34,110 INFO o.a.j.u.JsseSSLManager: SSL session context: per-thread
2023-02-03 14:12:34,415 INFO o.a.j.u.SSLManager: JmeterKeyStore Location:  type JKS
2023-02-03 14:12:34,417 INFO o.a.j.u.SSLManager: KeyStore created OK
2023-02-03 14:12:34,417 WARN o.a.j.u.SSLManager: Keystore file not found, loading empty keystore
2023-02-03 14:12:34,889 INFO o.a.j.r.Summariser: summary +      1 in 00:00:01 =    1.1/s Avg:   796 Min:   796 Max:   796 Err:     0 (0.00%) Active: 1 Started: 1 Finished: 0
2023-02-03 14:12:34,997 INFO o.a.j.t.JMeterThread: Thread started: Thread Group 1-2
2023-02-03 14:12:35,221 INFO o.a.j.t.JMeterThread: Thread is done: Thread Group 1-1
2023-02-03 14:12:35,221 INFO o.a.j.t.JMeterThread: Thread finished: Thread Group 1-1
2023-02-03 14:12:35,996 INFO o.a.j.t.JMeterThread: Thread started: Thread Group 1-3
2023-02-03 14:12:36,198 INFO o.a.j.t.JMeterThread: Thread is done: Thread Group 1-2
2023-02-03 14:12:36,199 INFO o.a.j.t.JMeterThread: Thread finished: Thread Group 1-2
2023-02-03 14:12:36,995 INFO o.a.j.t.JMeterThread: Thread started: Thread Group 1-4
2023-02-03 14:12:36,999 INFO o.a.j.t.JMeterThread: Thread is done: Thread Group 1-3
2023-02-03 14:12:36,999 INFO o.a.j.t.JMeterThread: Thread finished: Thread Group 1-3
2023-02-03 14:12:37,995 INFO o.a.j.t.JMeterThread: Thread started: Thread Group 1-5
2023-02-03 14:12:38,007 INFO o.a.j.t.JMeterThread: Thread is done: Thread Group 1-4
2023-02-03 14:12:38,007 INFO o.a.j.t.JMeterThread: Thread finished: Thread Group 1-4
2023-02-03 14:12:38,962 INFO o.a.j.t.JMeterThread: Thread is done: Thread Group 1-5
2023-02-03 14:12:38,962 INFO o.a.j.t.JMeterThread: Thread finished: Thread Group 1-5
2023-02-03 14:12:38,995 INFO o.a.j.t.JMeterThread: Thread started: Thread Group 1-6
2023-02-03 14:12:39,986 INFO o.a.j.t.JMeterThread: Thread is done: Thread Group 1-6
2023-02-03 14:12:39,987 INFO o.a.j.t.JMeterThread: Thread finished: Thread Group 1-6
2023-02-03 14:12:39,993 INFO o.a.j.t.JMeterThread: Thread started: Thread Group 1-7
2023-02-03 14:12:40,991 INFO o.a.j.t.JMeterThread: Thread started: Thread Group 1-8
2023-02-03 14:12:41,003 INFO o.a.j.t.JMeterThread: Thread is done: Thread Group 1-7
2023-02-03 14:12:41,003 INFO o.a.j.t.JMeterThread: Thread finished: Thread Group 1-7
2023-02-03 14:12:41,992 INFO o.a.j.t.JMeterThread: Thread started: Thread Group 1-9
2023-02-03 14:12:42,010 INFO o.a.j.t.JMeterThread: Thread is done: Thread Group 1-8
2023-02-03 14:12:42,010 INFO o.a.j.t.JMeterThread: Thread finished: Thread Group 1-8
2023-02-03 14:12:42,992 INFO o.a.j.t.JMeterThread: Thread started: Thread Group 1-10
2023-02-03 14:12:43,034 INFO o.a.j.t.JMeterThread: Thread is done: Thread Group 1-9
2023-02-03 14:12:43,034 INFO o.a.j.t.JMeterThread: Thread finished: Thread Group 1-9
2023-02-03 14:12:44,047 INFO o.a.j.t.JMeterThread: Thread is done: Thread Group 1-10
2023-02-03 14:12:44,047 INFO o.a.j.t.JMeterThread: Thread finished: Thread Group 1-10
2023-02-03 14:12:44,048 INFO o.a.j.e.StandardJMeterEngine: Notifying test listeners of end of test
2023-02-03 14:12:44,048 INFO o.a.j.r.Summariser: summary +     29 in 00:00:09 =    3.2/s Avg:   330 Min:   164 Max:   788 Err:     0 (0.00%) Active: 0 Started: 10 Finished: 10
2023-02-03 14:12:44,049 INFO o.a.j.r.Summariser: summary =     30 in 00:00:10 =    3.0/s Avg:   346 Min:   164 Max:   796 Err:     0 (0.00%)
